<?xml version="1.0" encoding="UTF-8"?>
<testsuite xmlns:xsi="http://www.w3.org/2001/XMLSchema-instance" xsi:noNamespaceSchemaLocation="https://maven.apache.org/surefire/maven-surefire-plugin/xsd/surefire-test-report-3.0.xsd" version="3.0" name="TestSuite" time="30.926" tests="5" errors="0" skipped="2" failures="1">
  <properties>
[...]
</properties>
  <testcase name="setUp[chrome](0)" classname="parallelTestNG.MultipleBrowserTest" time="1.282">
    <failure message="The driver executable does not exist: D:\Selenium\Selenium Browsers Jars\Chrome\Chrome 84\chromedriver.exe" type="java.lang.IllegalStateException"><![CDATA[java.lang.IllegalStateException: The driver executable does not exist: D:\Selenium\Selenium Browsers Jars\Chrome\Chrome 84\chromedriver.exe
	at parallelTestNG.MultipleBrowserTest.setUp(MultipleBrowserTest.java:24)
]]></failure>
    <system-out><![CDATA[Browser name is..ie
Browser name is..firefox
Browser name is..chrome
]]></system-out>
  </testcase>
  <testcase name="BrowserTest" classname="parallelTestNG.MultipleBrowserTest" time="0">
    <skipped message="The driver executable does not exist: D:\Selenium\Selenium Browsers Jars\Chrome\Chrome 84\chromedriver.exe"/>
  </testcase>
  <testcase name="BrowserTest" classname="parallelTestNG.MultipleBrowserTest" time="4.644">
    <system-err><![CDATA[1597148213628	geckodriver	INFO	Listening on 127.0.0.1:25684
Started InternetExplorerDriver server (64-bit)
3.14.0.0
Listening on port 29806
Only local connections are allowed
1597148214566	mozrunner::runner	INFO	Running command: "C:\\Program Files\\Mozilla Firefox\\firefox.exe" "--marionette" "-foreground" "-no-remote" "-profile" "C:\\Users\\bnuft\\AppData\\Local\\Temp\\rust_mozprofilegCOIrT"
Aug 11, 2020 5:46:56 PM org.openqa.selenium.remote.ProtocolHandshake createSession
INFO: Detected dialect: W3C
JavaScript error: resource://gre/modules/XULStore.jsm, line 66: Error: Can't find profile directory.
console.error: SearchCache: "_readCacheFile: Error reading cache file:" (new Error("", "(unknown module)"))
1597148221388	Marionette	INFO	Listening on port 58325
1597148221950	Marionette	WARN	TLS certificate errors will be ignored for this session
Aug 11, 2020 5:47:02 PM org.openqa.selenium.remote.ProtocolHandshake createSession
INFO: Detected dialect: W3C
]]></system-err>
  </testcase>
  <testcase name="BrowserTest" classname="parallelTestNG.MultipleBrowserTest" time="12.752"/>
  <testcase name="tearDown" classname="parallelTestNG.MultipleBrowserTest" time="0">
    <skipped/>
  </testcase>
</testsuite>