<?xml version="1.0" encoding="UTF-8"?>
<testng-results skipped="0" failed="0" total="3" passed="3">
  <reporter-output>
  </reporter-output>
  <suite name="Suite" duration-ms="36875" started-at="2020-08-09T19:09:09Z" finished-at="2020-08-09T19:09:46Z">
    <groups>
    </groups>
    <test name="IEBrowser" duration-ms="18740" started-at="2020-08-09T19:09:09Z" finished-at="2020-08-09T19:09:28Z">
      <class name="parallelTestNG.MultipleBrowserTest">
        <test-method status="PASS" signature="setUp(java.lang.String)[pri:0, instance:parallelTestNG.MultipleBrowserTest@1b0375b3]" name="setUp" is-config="true" duration-ms="7497" started-at="2020-08-10T00:39:09Z" finished-at="2020-08-10T00:39:16Z">
          <params>
            <param index="0">
              <value>
                <![CDATA[ie]]>
              </value>
            </param>
          </params>
          <reporter-output>
          </reporter-output>
        </test-method> <!-- setUp -->
        <test-method status="PASS" signature="BrowserTest()[pri:0, instance:parallelTestNG.MultipleBrowserTest@1b0375b3]" name="BrowserTest" duration-ms="10629" started-at="2020-08-10T00:39:16Z" finished-at="2020-08-10T00:39:27Z">
          <reporter-output>
          </reporter-output>
        </test-method> <!-- BrowserTest -->
        <test-method status="PASS" signature="tearDown()[pri:0, instance:parallelTestNG.MultipleBrowserTest@1b0375b3]" name="tearDown" is-config="true" duration-ms="599" started-at="2020-08-10T00:39:27Z" finished-at="2020-08-10T00:39:28Z">
          <reporter-output>
          </reporter-output>
        </test-method> <!-- tearDown -->
      </class> <!-- parallelTestNG.MultipleBrowserTest -->
    </test> <!-- IEBrowser -->
    <test name="ChromeBrowser" duration-ms="26160" started-at="2020-08-09T19:09:09Z" finished-at="2020-08-09T19:09:35Z">
      <class name="parallelTestNG.MultipleBrowserTest">
        <test-method status="PASS" signature="setUp(java.lang.String)[pri:0, instance:parallelTestNG.MultipleBrowserTest@d7b1517]" name="setUp" is-config="true" duration-ms="7490" started-at="2020-08-10T00:39:09Z" finished-at="2020-08-10T00:39:16Z">
          <params>
            <param index="0">
              <value>
                <![CDATA[chrome]]>
              </value>
            </param>
          </params>
          <reporter-output>
          </reporter-output>
        </test-method> <!-- setUp -->
        <test-method status="PASS" signature="BrowserTest()[pri:0, instance:parallelTestNG.MultipleBrowserTest@d7b1517]" name="BrowserTest" duration-ms="17763" started-at="2020-08-10T00:39:16Z" finished-at="2020-08-10T00:39:34Z">
          <reporter-output>
          </reporter-output>
        </test-method> <!-- BrowserTest -->
        <test-method status="PASS" signature="tearDown()[pri:0, instance:parallelTestNG.MultipleBrowserTest@d7b1517]" name="tearDown" is-config="true" duration-ms="885" started-at="2020-08-10T00:39:34Z" finished-at="2020-08-10T00:39:35Z">
          <reporter-output>
          </reporter-output>
        </test-method> <!-- tearDown -->
      </class> <!-- parallelTestNG.MultipleBrowserTest -->
    </test> <!-- ChromeBrowser -->
    <test name="FirefoxBrowser" duration-ms="36875" started-at="2020-08-09T19:09:09Z" finished-at="2020-08-09T19:09:46Z">
      <class name="parallelTestNG.MultipleBrowserTest">
        <test-method status="PASS" signature="setUp(java.lang.String)[pri:0, instance:parallelTestNG.MultipleBrowserTest@2c8d66b2]" name="setUp" is-config="true" duration-ms="14653" started-at="2020-08-10T00:39:09Z" finished-at="2020-08-10T00:39:24Z">
          <params>
            <param index="0">
              <value>
                <![CDATA[firefox]]>
              </value>
            </param>
          </params>
          <reporter-output>
          </reporter-output>
        </test-method> <!-- setUp -->
        <test-method status="PASS" signature="BrowserTest()[pri:0, instance:parallelTestNG.MultipleBrowserTest@2c8d66b2]" name="BrowserTest" duration-ms="13367" started-at="2020-08-10T00:39:24Z" finished-at="2020-08-10T00:39:37Z">
          <reporter-output>
          </reporter-output>
        </test-method> <!-- BrowserTest -->
        <test-method status="PASS" signature="tearDown()[pri:0, instance:parallelTestNG.MultipleBrowserTest@2c8d66b2]" name="tearDown" is-config="true" duration-ms="8850" started-at="2020-08-10T00:39:37Z" finished-at="2020-08-10T00:39:46Z">
          <reporter-output>
          </reporter-output>
        </test-method> <!-- tearDown -->
      </class> <!-- parallelTestNG.MultipleBrowserTest -->
    </test> <!-- FirefoxBrowser -->
  </suite> <!-- Suite -->
</testng-results>
